<?xml version="1.0" encoding="UTF-8"?>
<testng-results ignored="0" total="1" passed="1" failed="0" skipped="0">
  <reporter-output>
  </reporter-output>
  <suite started-at="2024-03-27T15:18:17 IST" name="Suite" finished-at="2024-03-27T15:19:08 IST" duration-ms="50536">
    <groups>
    </groups>
    <test started-at="2024-03-27T15:18:17 IST" name="Test" finished-at="2024-03-27T15:19:08 IST" duration-ms="50536">
      <class name="testcases.TC009_CheckoutTest">
        <test-method is-config="true" signature="setup()[pri:0, instance:testcases.TC009_CheckoutTest@15888343]" started-at="2024-03-27T15:18:17 IST" name="setup" finished-at="2024-03-27T15:18:17 IST" duration-ms="4" status="PASS">
          <reporter-output>
          </reporter-output>
        </test-method> <!-- setup -->
        <test-method is-config="true" signature="launchBrowser(java.lang.String,java.lang.String)[pri:0, instance:testcases.TC009_CheckoutTest@15888343]" started-at="2024-03-27T15:18:18 IST" name="launchBrowser" finished-at="2024-03-27T15:18:20 IST" duration-ms="2553" status="PASS">
          <params>
            <param index="0">
              <value>
                <![CDATA[chrome]]>
              </value>
            </param>
            <param index="1">
              <value>
                <![CDATA[https://www.bestbuy.com]]>
              </value>
            </param>
          </params>
          <reporter-output>
          </reporter-output>
        </test-method> <!-- launchBrowser -->
        <test-method signature="CheckOutTest(java.lang.String,java.lang.String,java.lang.String,java.lang.String,java.lang.String,java.lang.String,java.lang.String,java.lang.String)[pri:0, instance:testcases.TC009_CheckoutTest@15888343]" started-at="2024-03-27T15:18:20 IST" name="CheckOutTest" data-provider="readExcel" finished-at="2024-03-27T15:19:07 IST" duration-ms="47069" status="PASS">
          <params>
            <param index="0">
              <value>
                <![CDATA[aswin]]>
              </value>
            </param>
            <param index="1">
              <value>
                <![CDATA[kumar]]>
              </value>
            </param>
            <param index="2">
              <value>
                <![CDATA[aswinkumar_r@outlook.com]]>
              </value>
            </param>
            <param index="3">
              <value>
                <![CDATA[5555551234]]>
              </value>
            </param>
            <param index="4">
              <value>
                <![CDATA[90 Bedford st corner of Groove st]]>
              </value>
            </param>
            <param index="5">
              <value>
                <![CDATA[New York City]]>
              </value>
            </param>
            <param index="6">
              <value>
                <![CDATA[NY]]>
              </value>
            </param>
            <param index="7">
              <value>
                <![CDATA[10014]]>
              </value>
            </param>
          </params>
          <reporter-output>
          </reporter-output>
        </test-method> <!-- CheckOutTest -->
      </class> <!-- testcases.TC009_CheckoutTest -->
    </test> <!-- Test -->
  </suite> <!-- Suite -->
</testng-results>
